<?xml version="1.0" encoding="UTF-8"?>
<testsuite name="oo.myoptimizer.MyOrderOptimizerTest" tests="11" skipped="0" failures="0" errors="0" timestamp="2022-08-03T18:13:29" hostname="SHOPPER" time="0.087">
  <properties/>
  <testcase name="OptimizeShouldCallCreateOrderAfterCancelOrderWhenSideIsDifferentForSamePrice()" classname="oo.myoptimizer.MyOrderOptimizerTest" time="0.048"/>
  <testcase name="OptimizeShouldCallCreateOrderAfterCancelOrderWhenOpenPriceLevelInOrderInstructionsAndNewQtyLessThanExecutedQty()" classname="oo.myoptimizer.MyOrderOptimizerTest" time="0.002"/>
  <testcase name="OptimizeShouldCallOnlyAmendOrderWhenOpenPriceLevelInOrderInstructionsAndNewQtyIsDifferent()" classname="oo.myoptimizer.MyOrderOptimizerTest" time="0.002"/>
  <testcase name="OptimizeShouldNotCallCreateOrderAfterCancelOrderThrewExceptionWhenOpenPriceLevelInOrderInstructionsAndNewQtyLessThanExecutedQty()" classname="oo.myoptimizer.MyOrderOptimizerTest" time="0.006"/>
  <testcase name="OptimizeShouldCallCancelOrderWhenOpenPriceLevelNotInOrderInstructions()" classname="oo.myoptimizer.MyOrderOptimizerTest" time="0.016"/>
  <testcase name="OptimizeShouldCallCreateOrderWhenOrderInstructionIsNewPriceLevel()" classname="oo.myoptimizer.MyOrderOptimizerTest" time="0.002"/>
  <testcase name="OptimizeShouldCallOnlyCancelOrderWhenOpenPriceLevelInOrderInstructionsAndNewQtyIsZero()" classname="oo.myoptimizer.MyOrderOptimizerTest" time="0.001"/>
  <testcase name="OptimizeShouldDoNothingWhenOpenPriceLevelInOrderInstructionsAndSideAndNewQtyAreSame()" classname="oo.myoptimizer.MyOrderOptimizerTest" time="0.002"/>
  <testcase name="OptimizeShouldCallCreateOrderAfterCancelOrderWhenOpenPriceLevelInOrderInstructionsAndNewQtyEqualToExecutedQty()" classname="oo.myoptimizer.MyOrderOptimizerTest" time="0.001"/>
  <testcase name="OptimizeShouldNotCallCreateOrderWhenGetOpenOrderReturnsNull()" classname="oo.myoptimizer.MyOrderOptimizerTest" time="0.001"/>
  <testcase name="OptimizeShouldCallCreateOrAmendForAllOrderInstructions()" classname="oo.myoptimizer.MyOrderOptimizerTest" time="0.002"/>
  <system-out><![CDATA[Exception on no sync dispatch
Order qty unchanged for Buy 1.23000000
]]></system-out>
  <system-err><![CDATA[java.lang.RuntimeException
	at oo.myoptimizer.MyOrderOptimizerV2.lambda$optimise$1(MyOrderOptimizerV2.java:65)
	at oo.myoptimizer.Dispatcher.lambda$dispatchWithCountDown$2(Dispatcher.java:48)
	at java.base/java.util.concurrent.ThreadPoolExecutor.runWorker(ThreadPoolExecutor.java:1128)
	at java.base/java.util.concurrent.ThreadPoolExecutor$Worker.run(ThreadPoolExecutor.java:628)
	at java.base/java.lang.Thread.run(Thread.java:834)
]]></system-err>
</testsuite>
